Flow report for AtariMod
Wed Jan 18 22:17:46 2017
Quartus Prime Version 16.0.0 Build 211 04/27/2016 SJ Lite Edition


---------------------
; Table of Contents ;
---------------------
  1. Legal Notice
  2. Flow Summary
  3. Flow Settings
  4. Flow Non-Default Global Settings
  5. Flow Elapsed Time
  6. Flow OS Summary
  7. Flow Log
  8. Flow Messages
  9. Flow Suppressed Messages



----------------
; Legal Notice ;
----------------
Copyright (C) 1991-2016 Altera Corporation. All rights reserved.
Your use of Altera Corporation's design tools, logic functions 
and other software and tools, and its AMPP partner logic 
functions, and any output files from any of the foregoing 
(including device programming or simulation files), and any 
associated documentation or information are expressly subject 
to the terms and conditions of the Altera Program License 
Subscription Agreement, the Altera Quartus Prime License Agreement,
the Altera MegaCore Function License Agreement, or other 
applicable license agreement, including, without limitation, 
that your use is for the sole purpose of programming logic 
devices manufactured by Altera and sold by Altera or its 
authorized distributors.  Please refer to the applicable 
agreement for further details.



+---------------------------------------------------------------------+
; Flow Summary                                                        ;
+-----------------------+---------------------------------------------+
; Flow Status           ; Successful - Wed Jan 18 22:17:46 2017       ;
; Quartus Prime Version ; 16.0.0 Build 211 04/27/2016 SJ Lite Edition ;
; Revision Name         ; AtariMod                                    ;
; Top-level Entity Name ; VIC2DVideo                                  ;
; Family                ; MAX V                                       ;
; Device                ; 5M570ZT100C5                                ;
; Timing Models         ; Final                                       ;
; Total logic elements  ; 42 / 570 ( 7 % )                            ;
; Total pins            ; 32 / 74 ( 43 % )                            ;
; Total virtual pins    ; 0                                           ;
; UFM blocks            ; 0 / 1 ( 0 % )                               ;
+-----------------------+---------------------------------------------+


+-----------------------------------------+
; Flow Settings                           ;
+-------------------+---------------------+
; Option            ; Setting             ;
+-------------------+---------------------+
; Start date & time ; 01/18/2017 22:12:36 ;
; Main task         ; Compilation         ;
; Revision Name     ; AtariMod            ;
+-------------------+---------------------+


+------------------------------------------------------------------------------------------------------------------------+
; Flow Non-Default Global Settings                                                                                       ;
+-------------------------------------+---------------------------------------+---------------+-------------+------------+
; Assignment Name                     ; Value                                 ; Default Value ; Entity Name ; Section Id ;
+-------------------------------------+---------------------------------------+---------------+-------------+------------+
; COMPILER_SIGNATURE_ID               ; 4936981583209.148477395503848         ; --            ; --          ; --         ;
; MAX_CORE_JUNCTION_TEMP              ; 85                                    ; --            ; --          ; --         ;
; MIN_CORE_JUNCTION_TEMP              ; 0                                     ; --            ; --          ; --         ;
; PARTITION_COLOR                     ; 16764057                              ; --            ; VIC2DVideo  ; Top        ;
; PARTITION_FITTER_PRESERVATION_LEVEL ; PLACEMENT_AND_ROUTING                 ; --            ; VIC2DVideo  ; Top        ;
; PARTITION_NETLIST_TYPE              ; SOURCE                                ; --            ; VIC2DVideo  ; Top        ;
; POWER_BOARD_THERMAL_MODEL           ; None (CONSERVATIVE)                   ; --            ; --          ; --         ;
; POWER_PRESET_COOLING_SOLUTION       ; 23 MM HEAT SINK WITH 200 LFPM AIRFLOW ; --            ; --          ; --         ;
; TOP_LEVEL_ENTITY                    ; VIC2DVideo                            ; AtariMod      ; --          ; --         ;
+-------------------------------------+---------------------------------------+---------------+-------------+------------+


+--------------------------------------------------------------------------------------------------------------------------+
; Flow Elapsed Time                                                                                                        ;
+----------------------+--------------+-------------------------+---------------------+------------------------------------+
; Module Name          ; Elapsed Time ; Average Processors Used ; Peak Virtual Memory ; Total CPU Time (on all processors) ;
+----------------------+--------------+-------------------------+---------------------+------------------------------------+
; Analysis & Synthesis ; 00:00:56     ; 1.0                     ; 845 MB              ; 00:01:34                           ;
; Fitter               ; 00:00:07     ; 1.0                     ; 1052 MB             ; 00:00:05                           ;
; Assembler            ; 00:00:03     ; 1.0                     ; 740 MB              ; 00:00:02                           ;
; Fitter               ; 00:00:05     ; 1.0                     ; 1052 MB             ; 00:00:05                           ;
; Assembler            ; 00:00:02     ; 1.0                     ; 736 MB              ; 00:00:02                           ;
; Total                ; 00:01:13     ; --                      ; --                  ; 00:01:48                           ;
+----------------------+--------------+-------------------------+---------------------+------------------------------------+


+-----------------------------------------------------------------------------------+
; Flow OS Summary                                                                   ;
+----------------------+------------------+-----------+------------+----------------+
; Module Name          ; Machine Hostname ; OS Name   ; OS Version ; Processor type ;
+----------------------+------------------+-----------+------------+----------------+
; Analysis & Synthesis ; Reinhard-THINK   ; Windows 8 ; 6.2        ; x86_64         ;
; Fitter               ; Reinhard-THINK   ; Windows 8 ; 6.2        ; x86_64         ;
; Assembler            ; Reinhard-THINK   ; Windows 8 ; 6.2        ; x86_64         ;
; Fitter               ; Reinhard-THINK   ; Windows 8 ; 6.2        ; x86_64         ;
; Assembler            ; Reinhard-THINK   ; Windows 8 ; 6.2        ; x86_64         ;
+----------------------+------------------+-----------+------------+----------------+


------------
; Flow Log ;
------------
quartus_map --read_settings_files=on --write_settings_files=off C64Mod -c AtariMod
quartus_fit --read_settings_files=off --write_settings_files=off C64Mod -c AtariMod
quartus_asm --read_settings_files=off --write_settings_files=off C64Mod -c AtariMod
quartus_fit --read_settings_files=on --write_settings_files=off C64Mod -c AtariMod
quartus_asm --read_settings_files=off --write_settings_files=off C64Mod -c AtariMod



