Flow report for AtariMod
Fri Nov 18 23:13:19 2016
Quartus Prime Version 16.0.0 Build 211 04/27/2016 SJ Lite Edition


---------------------
; Table of Contents ;
---------------------
  1. Legal Notice
  2. Flow Summary
  3. Flow Settings
  4. Flow Non-Default Global Settings
  5. Flow Elapsed Time
  6. Flow OS Summary
  7. Flow Log
  8. Flow Messages
  9. Flow Suppressed Messages



----------------
; Legal Notice ;
----------------
Copyright (C) 1991-2016 Altera Corporation. All rights reserved.
Your use of Altera Corporation's design tools, logic functions 
and other software and tools, and its AMPP partner logic 
functions, and any output files from any of the foregoing 
(including device programming or simulation files), and any 
associated documentation or information are expressly subject 
to the terms and conditions of the Altera Program License 
Subscription Agreement, the Altera Quartus Prime License Agreement,
the Altera MegaCore Function License Agreement, or other 
applicable license agreement, including, without limitation, 
that your use is for the sole purpose of programming logic 
devices manufactured by Altera and sold by Altera or its 
authorized distributors.  Please refer to the applicable 
agreement for further details.



+---------------------------------------------------------------------+
; Flow Summary                                                        ;
+-----------------------+---------------------------------------------+
; Flow Status           ; Successful - Fri Nov 18 23:13:19 2016       ;
; Quartus Prime Version ; 16.0.0 Build 211 04/27/2016 SJ Lite Edition ;
; Revision Name         ; AtariMod                                    ;
; Top-level Entity Name ; TestPattern                                 ;
; Family                ; MAX V                                       ;
; Device                ; 5M570ZT100C5                                ;
; Timing Models         ; Final                                       ;
; Total logic elements  ; 69 / 570 ( 12 % )                           ;
; Total pins            ; 16 / 74 ( 22 % )                            ;
; Total virtual pins    ; 0                                           ;
; UFM blocks            ; 0 / 1 ( 0 % )                               ;
+-----------------------+---------------------------------------------+


+-----------------------------------------+
; Flow Settings                           ;
+-------------------+---------------------+
; Option            ; Setting             ;
+-------------------+---------------------+
; Start date & time ; 11/18/2016 23:11:50 ;
; Main task         ; Compilation         ;
; Revision Name     ; AtariMod            ;
+-------------------+---------------------+


+--------------------------------------------------------------------------------------------------------------+
; Flow Non-Default Global Settings                                                                             ;
+-------------------------------+-------------------------------+---------------+-------------+----------------+
; Assignment Name               ; Value                         ; Default Value ; Entity Name ; Section Id     ;
+-------------------------------+-------------------------------+---------------+-------------+----------------+
; COMPILER_SIGNATURE_ID         ; 4936981583209.147950711002272 ; --            ; --          ; --             ;
; EDA_OUTPUT_DATA_FORMAT        ; Vhdl                          ; --            ; --          ; eda_simulation ;
; EDA_SIMULATION_TOOL           ; ModelSim-Altera (VHDL)        ; <None>        ; --          ; --             ;
; EDA_TIME_SCALE                ; 1 ps                          ; --            ; --          ; eda_simulation ;
; MAX_CORE_JUNCTION_TEMP        ; 85                            ; --            ; --          ; --             ;
; MIN_CORE_JUNCTION_TEMP        ; 0                             ; --            ; --          ; --             ;
; POWER_PRESET_COOLING_SOLUTION ; No Heat Sink With Still Air   ; --            ; --          ; --             ;
; PROJECT_OUTPUT_DIRECTORY      ; output_files                  ; --            ; --          ; --             ;
; TOP_LEVEL_ENTITY              ; TestPattern                   ; AtariMod      ; --          ; --             ;
+-------------------------------+-------------------------------+---------------+-------------+----------------+


+--------------------------------------------------------------------------------------------------------------------------+
; Flow Elapsed Time                                                                                                        ;
+----------------------+--------------+-------------------------+---------------------+------------------------------------+
; Module Name          ; Elapsed Time ; Average Processors Used ; Peak Virtual Memory ; Total CPU Time (on all processors) ;
+----------------------+--------------+-------------------------+---------------------+------------------------------------+
; Analysis & Synthesis ; 00:01:15     ; 1.0                     ; 832 MB              ; 00:01:37                           ;
; Fitter               ; 00:00:10     ; 1.0                     ; 1084 MB             ; 00:00:05                           ;
; Assembler            ; 00:00:03     ; 1.0                     ; 740 MB              ; 00:00:02                           ;
; Total                ; 00:01:28     ; --                      ; --                  ; 00:01:44                           ;
+----------------------+--------------+-------------------------+---------------------+------------------------------------+


+-----------------------------------------------------------------------------------+
; Flow OS Summary                                                                   ;
+----------------------+------------------+-----------+------------+----------------+
; Module Name          ; Machine Hostname ; OS Name   ; OS Version ; Processor type ;
+----------------------+------------------+-----------+------------+----------------+
; Analysis & Synthesis ; Reinhard-THINK   ; Windows 8 ; 6.2        ; x86_64         ;
; Fitter               ; Reinhard-THINK   ; Windows 8 ; 6.2        ; x86_64         ;
; Assembler            ; Reinhard-THINK   ; Windows 8 ; 6.2        ; x86_64         ;
+----------------------+------------------+-----------+------------+----------------+


------------
; Flow Log ;
------------
quartus_map --read_settings_files=on --write_settings_files=off AtariMod -c AtariMod
quartus_fit --read_settings_files=off --write_settings_files=off AtariMod -c AtariMod
quartus_asm --read_settings_files=off --write_settings_files=off AtariMod -c AtariMod



